Arguments: 
  /usr/local/Cellar/node/15.6.0/bin/node /usr/local/bin/yarn add @dronmd/abp-web-resources

PATH: 
  /Users/abell/.pyenv/shims:/Library/Frameworks/Python.framework/Versions/3.9/bin:/usr/local/bin:/usr/bin:/bin:/usr/sbin:/sbin:/usr/local/share/dotnet:~/.dotnet/tools:/Users/abell/dev/dron/dron-web/node_modules/.bin

Yarn version: 
  1.22.10

Node version: 
  15.6.0

Platform: 
  darwin x64

Trace: 
  Error: https://registry.yarnpkg.com/@dronmd%2fabp-web-resources: Not found
      at Request.params.callback [as _callback] (/usr/local/lib/node_modules/yarn/lib/cli.js:66988:18)
      at Request.self.callback (/usr/local/lib/node_modules/yarn/lib/cli.js:140662:22)
      at Request.emit (node:events:379:20)
      at Request.<anonymous> (/usr/local/lib/node_modules/yarn/lib/cli.js:141634:10)
      at Request.emit (node:events:379:20)
      at IncomingMessage.<anonymous> (/usr/local/lib/node_modules/yarn/lib/cli.js:141556:12)
      at Object.onceWrapper (node:events:485:28)
      at IncomingMessage.emit (node:events:391:22)
      at endReadableNT (node:internal/streams/readable:1307:12)
      at processTicksAndRejections (node:internal/process/task_queues:81:21)

npm manifest: 
  {
    "name": "@dronmd/abp-web-resources",
    "version": "5.4.0",
    "description": "ASP.NET Boilerplate web resources",
    "main": "Abp/Framework/scripts/abp.js",
    "dependencies": {},
    "devDependencies": {
      "del": "^2.2.0",
      "gulp": "^3.9.0",
      "gulp-shell": "^0.5.2",
      "xml2js": "^0.4.16"
    },
    "scripts": {
      "test": "echo \"Error: no test specified\" && exit 1"
    },
    "repository": {
      "type": "git",
      "url": "git+https://github.com/drondev/abp-web-resources.git"
    },
    "keywords": [
      "asp.net",
      "boilerplate",
      "web",
      "resources"
    ],
    "author": "Halil İbrahim Kalkan",
    "license": "MIT",
    "bugs": {
      "url": "https://github.com/drondev/abp-web-resources/issues"
    },
    "homepage": "https://github.com/drondev/abp-web-resources#readme"
  }

yarn manifest: 
  No manifest

Lockfile: 
  No lockfile
